0 info it worked if it ends with ok
1 verbose cli [ 'node', '/usr/bin/npm', 'run', 'dev' ]
2 info using npm@3.8.2
3 info using node@v0.10.29
4 verbose node symlink /usr/bin/node
5 verbose run-script [ 'predev', 'dev', 'postdev' ]
6 info lifecycle aurelia-skeleton-navigation-webpack@1.0.0-beta.1.2.2~predev: aurelia-skeleton-navigation-webpack@1.0.0-beta.1.2.2
7 silly lifecycle aurelia-skeleton-navigation-webpack@1.0.0-beta.1.2.2~predev: no script for predev, continuing
8 info lifecycle aurelia-skeleton-navigation-webpack@1.0.0-beta.1.2.2~dev: aurelia-skeleton-navigation-webpack@1.0.0-beta.1.2.2
9 verbose lifecycle aurelia-skeleton-navigation-webpack@1.0.0-beta.1.2.2~dev: unsafe-perm in lifecycle true
10 verbose lifecycle aurelia-skeleton-navigation-webpack@1.0.0-beta.1.2.2~dev: PATH: /usr/lib/node_modules/npm/bin/node-gyp-bin:/var/www/hrm.frontend.dev/node_modules/.bin:/usr/bin:/usr/local/bin:/usr/bin:/bin:/usr/local/games:/usr/games
11 verbose lifecycle aurelia-skeleton-navigation-webpack@1.0.0-beta.1.2.2~dev: CWD: /var/www/hrm.frontend.dev
12 silly lifecycle aurelia-skeleton-navigation-webpack@1.0.0-beta.1.2.2~dev: Args: [ '-c',
12 silly lifecycle   'webpack-dev-server --config webpack.config.js --hot --inline --progress --devtool eval' ]
13 silly lifecycle aurelia-skeleton-navigation-webpack@1.0.0-beta.1.2.2~dev: Returned: code: 126  signal: null
14 info lifecycle aurelia-skeleton-navigation-webpack@1.0.0-beta.1.2.2~dev: Failed to exec dev script
15 verbose stack Error: aurelia-skeleton-navigation-webpack@1.0.0-beta.1.2.2 dev: `webpack-dev-server --config webpack.config.js --hot --inline --progress --devtool eval`
15 verbose stack Exit status 126
15 verbose stack     at EventEmitter.<anonymous> (/usr/lib/node_modules/npm/lib/utils/lifecycle.js:239:16)
15 verbose stack     at EventEmitter.emit (events.js:98:17)
15 verbose stack     at ChildProcess.<anonymous> (/usr/lib/node_modules/npm/lib/utils/spawn.js:24:14)
15 verbose stack     at ChildProcess.emit (events.js:98:17)
15 verbose stack     at maybeClose (child_process.js:755:16)
15 verbose stack     at Process.ChildProcess._handle.onexit (child_process.js:822:5)
16 verbose pkgid aurelia-skeleton-navigation-webpack@1.0.0-beta.1.2.2
17 verbose cwd /var/www/hrm.frontend.dev
18 error Linux 3.16.0-4-amd64
19 error argv "node" "/usr/bin/npm" "run" "dev"
20 error node v0.10.29
21 error npm  v3.8.2
22 error code ELIFECYCLE
23 error aurelia-skeleton-navigation-webpack@1.0.0-beta.1.2.2 dev: `webpack-dev-server --config webpack.config.js --hot --inline --progress --devtool eval`
23 error Exit status 126
24 error Failed at the aurelia-skeleton-navigation-webpack@1.0.0-beta.1.2.2 dev script 'webpack-dev-server --config webpack.config.js --hot --inline --progress --devtool eval'.
24 error Make sure you have the latest version of node.js and npm installed.
24 error If you do, this is most likely a problem with the aurelia-skeleton-navigation-webpack package,
24 error not with npm itself.
24 error Tell the author that this fails on your system:
24 error     webpack-dev-server --config webpack.config.js --hot --inline --progress --devtool eval
24 error You can get information on how to open an issue for this project with:
24 error     npm bugs aurelia-skeleton-navigation-webpack
24 error Or if that isn't available, you can get their info via:
24 error     npm owner ls aurelia-skeleton-navigation-webpack
24 error There is likely additional logging output above.
25 verbose exit [ 1, true ]
